<?xml version="1.0" encoding="UTF-8"?>
<testng-results skipped="0" failed="0" ignored="0" total="2" passed="2">
  <reporter-output>
  </reporter-output>
  <suite name="Default suite" duration-ms="7471" started-at="2021-11-10T13:08:29Z" finished-at="2021-11-10T13:08:36Z">
    <groups>
      <group name="cucumber">
        <method signature="AbstractTestNGCucumberTests.runScenario(io.cucumber.testng.PickleWrapper, io.cucumber.testng.FeatureWrapper)[pri:0, instance:cucumber.PetClinicCucumberTest@4fe767f3]" name="runScenario" class="io.cucumber.testng.AbstractTestNGCucumberTests"/>
      </group> <!-- cucumber -->
    </groups>
    <test name="Default test" duration-ms="7471" started-at="2021-11-10T13:08:29Z" finished-at="2021-11-10T13:08:36Z">
      <class name="cucumber.PetClinicCucumberTest">
        <test-method status="PASS" signature="setUpClass(org.testng.ITestContext)[pri:0, instance:cucumber.PetClinicCucumberTest@4fe767f3]" name="setUpClass" is-config="true" duration-ms="342" started-at="2021-11-10T13:08:29Z" finished-at="2021-11-10T13:08:29Z">
          <params>
            <param index="0">
              <value>
                <![CDATA[org.testng.TestRunner@69fa8e76]]>
              </value>
            </param>
          </params>
          <reporter-output>
          </reporter-output>
        </test-method> <!-- setUpClass -->
        <test-method status="PASS" signature="runScenario(io.cucumber.testng.PickleWrapper, io.cucumber.testng.FeatureWrapper)[pri:0, instance:cucumber.PetClinicCucumberTest@4fe767f3]" name="runScenario" duration-ms="4914" started-at="2021-11-10T13:08:29Z" description="Runs Cucumber Scenarios" data-provider="scenarios" finished-at="2021-11-10T13:08:34Z">
          <params>
            <param index="0">
              <value>
                <![CDATA["Adding new owner"]]>
              </value>
            </param>
            <param index="1">
              <value>
                <![CDATA["Optional[Test Adding Owner]"]]>
              </value>
            </param>
          </params>
          <reporter-output>
          </reporter-output>
        </test-method> <!-- runScenario -->
        <test-method status="PASS" signature="runScenario(io.cucumber.testng.PickleWrapper, io.cucumber.testng.FeatureWrapper)[pri:0, instance:cucumber.PetClinicCucumberTest@4fe767f3]" name="runScenario" duration-ms="2176" started-at="2021-11-10T13:08:34Z" description="Runs Cucumber Scenarios" data-provider="scenarios" finished-at="2021-11-10T13:08:36Z">
          <params>
            <param index="0">
              <value>
                <![CDATA["Searching non-existing user"]]>
              </value>
            </param>
            <param index="1">
              <value>
                <![CDATA["Optional[Test Searching Owner]"]]>
              </value>
            </param>
          </params>
          <reporter-output>
          </reporter-output>
        </test-method> <!-- runScenario -->
        <test-method status="PASS" signature="tearDownClass()[pri:0, instance:cucumber.PetClinicCucumberTest@4fe767f3]" name="tearDownClass" is-config="true" duration-ms="8" started-at="2021-11-10T13:08:36Z" finished-at="2021-11-10T13:08:36Z">
          <reporter-output>
          </reporter-output>
        </test-method> <!-- tearDownClass -->
      </class> <!-- cucumber.PetClinicCucumberTest -->
    </test> <!-- Default test -->
  </suite> <!-- Default suite -->
</testng-results>
