<?xml version="1.0" encoding="UTF-8"?>
<testng-results skipped="0" failed="0" ignored="0" total="1" passed="1">
  <reporter-output>
  </reporter-output>
  <suite name="Default suite" duration-ms="5536" started-at="2021-11-10T08:58:31Z" finished-at="2021-11-10T08:58:36Z">
    <groups>
      <group name="cucumber">
        <method signature="AbstractTestNGCucumberTests.runScenario(io.cucumber.testng.PickleWrapper, io.cucumber.testng.FeatureWrapper)[pri:0, instance:cucumber.PetClinicCucumberTest@4fe767f3]" name="runScenario" class="io.cucumber.testng.AbstractTestNGCucumberTests"/>
      </group> <!-- cucumber -->
    </groups>
    <test name="Default test" duration-ms="5536" started-at="2021-11-10T08:58:31Z" finished-at="2021-11-10T08:58:36Z">
      <class name="cucumber.PetClinicCucumberTest">
        <test-method status="PASS" signature="setUpClass(org.testng.ITestContext)[pri:0, instance:cucumber.PetClinicCucumberTest@4fe767f3]" name="setUpClass" is-config="true" duration-ms="294" started-at="2021-11-10T08:58:31Z" finished-at="2021-11-10T08:58:31Z">
          <params>
            <param index="0">
              <value>
                <![CDATA[org.testng.TestRunner@3bb8aabc]]>
              </value>
            </param>
          </params>
          <reporter-output>
          </reporter-output>
        </test-method> <!-- setUpClass -->
        <test-method status="PASS" signature="runScenario(io.cucumber.testng.PickleWrapper, io.cucumber.testng.FeatureWrapper)[pri:0, instance:cucumber.PetClinicCucumberTest@4fe767f3]" name="runScenario" duration-ms="5206" started-at="2021-11-10T08:58:31Z" description="Runs Cucumber Scenarios" data-provider="scenarios" finished-at="2021-11-10T08:58:36Z">
          <params>
            <param index="0">
              <value>
                <![CDATA["Searching non-existing user"]]>
              </value>
            </param>
            <param index="1">
              <value>
                <![CDATA["Optional[Test Searching Owner and add if it is not existing]"]]>
              </value>
            </param>
          </params>
          <reporter-output>
          </reporter-output>
        </test-method> <!-- runScenario -->
        <test-method status="PASS" signature="tearDownClass()[pri:0, instance:cucumber.PetClinicCucumberTest@4fe767f3]" name="tearDownClass" is-config="true" duration-ms="13" started-at="2021-11-10T08:58:36Z" finished-at="2021-11-10T08:58:36Z">
          <reporter-output>
          </reporter-output>
        </test-method> <!-- tearDownClass -->
      </class> <!-- cucumber.PetClinicCucumberTest -->
    </test> <!-- Default test -->
  </suite> <!-- Default suite -->
</testng-results>
